生成启动时间为 2019/11/29 18:20:13。
     1>项目“E:\vs2013\作业练习\每日一题2\每日一题\每日一题.vcxproj”在节点 2 上(Build 个目标)。
     1>ClCompile:
         E:\vs2013\VC\bin\CL.exe /c /ZI /nologo /W3 /WX- /sdl /Od /Oy- /D _UNICODE /D UNICODE /Gm /EHsc /RTC1 /MDd /GS /fp:precise /Zc:wchar_t /Zc:forScope /Fo"Debug\\" /Fd"Debug\vc120.pdb" /Gd /TP /analyze- /errorReport:prompt 1111_2.cpp
         1111_2.cpp
       Link:
         E:\vs2013\VC\bin\link.exe /ERRORREPORT:PROMPT /OUT:"E:\vs2013\作业练习\每日一题2\Debug\每日一题.exe" /INCREMENTAL /NOLOGO kernel32.lib user32.lib gdi32.lib winspool.lib comdlg32.lib advapi32.lib shell32.lib ole32.lib oleaut32.lib uuid.lib odbc32.lib odbccp32.lib /MANIFEST /MANIFESTUAC:"level='asInvoker' uiAccess='false'" /manifest:embed /DEBUG /PDB:"E:\vs2013\作业练习\每日一题2\Debug\每日一题.pdb" /TLBID:1 /DYNAMICBASE /NXCOMPAT /IMPLIB:"E:\vs2013\作业练习\每日一题2\Debug\每日一题.lib" /MACHINE:X86 Debug\1106_1.obj
         Debug\1106_2.obj
         Debug\1107_1.obj
         Debug\1107_2.obj
         Debug\1108_1.obj
         Debug\1108_2.obj
         Debug\1109_1.obj
         Debug\1109_2.obj
         Debug\1110_1.obj
         Debug\1110_2.obj
         Debug\1111_1.obj
         Debug\1111_2.obj
         每日一题.vcxproj -> E:\vs2013\作业练习\每日一题2\Debug\每日一题.exe
     1>已完成生成项目“E:\vs2013\作业练习\每日一题2\每日一题\每日一题.vcxproj”(Build 个目标)的操作。

生成成功。

已用时间 00:00:02.85
